app/build/outputs/logs/manifest-merger-release-report.txt
-- Merging decision tree log ---
manifest
ADDED from AndroidManifest.xml:2:1
	package
		ADDED from AndroidManifest.xml:3:5
		INJECTED from AndroidManifest.xml:0:0
		INJECTED from AndroidManifest.xml:0:0
	android:versionName
		INJECTED from AndroidManifest.xml:0:0
		INJECTED from AndroidManifest.xml:0:0
	xmlns:android
		ADDED from AndroidManifest.xml:2:11
	android:versionCode
		INJECTED from AndroidManifest.xml:0:0
		INJECTED from AndroidManifest.xml:0:0
uses-permission#android.permission.ACCESS_NETWORK_STATE
ADDED from AndroidManifest.xml:6:5
MERGED from com.google.android.gms:play-services-ads-lite:9.0.2:21:5
MERGED from com.google.android.gms:play-services-ads-lite:9.0.2:21:5
MERGED from com.google.android.gms:play-services-analytics:9.0.2:22:5
MERGED from com.google.android.gms:play-services-analytics-impl:9.0.2:22:5
MERGED from com.google.android.gms:play-services-analytics-impl:9.0.2:22:5
MERGED from com.google.firebase:firebase-iid:9.0.2:20:5
MERGED from com.google.firebase:firebase-iid:9.0.2:20:5
MERGED from com.google.firebase:firebase-analytics:9.0.2:22:5
MERGED from com.google.firebase:firebase-analytics-impl:9.0.2:22:5
MERGED from com.google.firebase:firebase-iid:9.0.2:20:5
MERGED from com.google.firebase:firebase-iid:9.0.2:20:5
MERGED from com.google.firebase:firebase-iid:9.0.2:20:5
MERGED from com.google.android.gms:play-services-maps:9.0.2:20:5
MERGED from com.google.android.gms:play-services-maps:9.0.2:20:5
MERGED from com.google.android.gms:play-services-maps:9.0.2:20:5
MERGED from com.google.firebase:firebase-analytics:9.0.2:22:5
MERGED from com.google.firebase:firebase-analytics-impl:9.0.2:22:5
MERGED from com.google.firebase:firebase-iid:9.0.2:20:5
MERGED from com.google.firebase:firebase-analytics-impl:9.0.2:22:5
MERGED from com.google.firebase:firebase-iid:9.0.2:20:5
MERGED from com.google.android.gms:play-services-nearby:9.0.2:19:5
MERGED from com.google.android.gms:play-services-tagmanager-api:9.0.2:22:5
MERGED from com.google.firebase:firebase-analytics:9.0.2:22:5
MERGED from com.google.firebase:firebase-analytics-impl:9.0.2:22:5
MERGED from com.google.firebase:firebase-iid:9.0.2:20:5
MERGED from com.google.android.gms:play-services-analytics-impl:9.0.2:22:5
MERGED from com.google.android.gms:play-services-tagmanager-api:9.0.2:22:5
MERGED from com.google.firebase:firebase-analytics:9.0.2:22:5
MERGED from com.google.firebase:firebase-analytics-impl:9.0.2:22:5
MERGED from com.google.firebase:firebase-iid:9.0.2:20:5
MERGED from com.google.android.gms:play-services-maps:9.0.2:20:5
	android:name
		ADDED from AndroidManifest.xml:6:22
uses-permission#android.permission.ACCESS_FINE_LOCATION
ADDED from AndroidManifest.xml:7:5
	android:name
		ADDED from AndroidManifest.xml:7:22
uses-permission#android.permission.INTERNET
ADDED from AndroidManifest.xml:8:5
MERGED from com.google.android.gms:play-services-ads-lite:9.0.2:20:5
MERGED from com.google.android.gms:play-services-ads-lite:9.0.2:20:5
MERGED from com.google.android.gms:play-services-analytics:9.0.2:21:5
MERGED from com.google.android.gms:play-services-analytics-impl:9.0.2:21:5
MERGED from com.google.android.gms:play-services-analytics-impl:9.0.2:21:5
MERGED from com.google.android.gms:play-services-appinvite:9.0.2:19:5
MERGED from com.google.firebase:firebase-iid:9.0.2:21:5
MERGED from com.google.firebase:firebase-crash:9.0.2:20:5
MERGED from com.google.firebase:firebase-iid:9.0.2:21:5
MERGED from com.google.firebase:firebase-analytics:9.0.2:21:5
MERGED from com.google.firebase:firebase-analytics-impl:9.0.2:21:5
MERGED from com.google.firebase:firebase-iid:9.0.2:21:5
MERGED from com.google.firebase:firebase-iid:9.0.2:21:5
MERGED from com.google.firebase:firebase-iid:9.0.2:21:5
MERGED from com.google.android.gms:play-services-maps:9.0.2:21:5
MERGED from com.google.android.gms:play-services-gcm:9.0.2:22:5
MERGED from com.google.android.gms:play-services-iid:9.0.2:22:5
MERGED from com.google.android.gms:play-services-iid:9.0.2:22:5
MERGED from com.google.android.gms:play-services-maps:9.0.2:21:5
MERGED from com.google.android.gms:play-services-maps:9.0.2:21:5
MERGED from com.google.firebase:firebase-analytics:9.0.2:21:5
MERGED from com.google.firebase:firebase-analytics-impl:9.0.2:21:5
MERGED from com.google.firebase:firebase-iid:9.0.2:21:5
MERGED from com.google.firebase:firebase-analytics-impl:9.0.2:21:5
MERGED from com.google.firebase:firebase-iid:9.0.2:21:5
MERGED from com.google.android.gms:play-services-tagmanager-api:9.0.2:21:5
MERGED from com.google.firebase:firebase-analytics:9.0.2:21:5
MERGED from com.google.firebase:firebase-analytics-impl:9.0.2:21:5
MERGED from com.google.firebase:firebase-iid:9.0.2:21:5
MERGED from com.google.android.gms:play-services-analytics-impl:9.0.2:21:5
MERGED from com.google.android.gms:play-services-tagmanager-api:9.0.2:21:5
MERGED from com.google.firebase:firebase-analytics:9.0.2:21:5
MERGED from com.google.firebase:firebase-analytics-impl:9.0.2:21:5
MERGED from com.google.firebase:firebase-iid:9.0.2:21:5
MERGED from com.google.android.gms:play-services-maps:9.0.2:21:5
	android:name
		ADDED from AndroidManifest.xml:8:22
uses-permission#com.google.android.providers.gsf.permission.READ_GSERVICES
ADDED from AndroidManifest.xml:9:5
	android:name
		ADDED from AndroidManifest.xml:9:22
uses-permission#android.permission.WRITE_EXTERNAL_STORAGE
ADDED from AndroidManifest.xml:10:5
	android:name
		ADDED from AndroidManifest.xml:10:22
uses-permission#android.permission.ACCESS_COARSE_LOCATION
ADDED from AndroidManifest.xml:11:5
	android:name
		ADDED from AndroidManifest.xml:11:22
permission#com.atommediastudio.googlemaps.permission.MAPS_RECEIVE
ADDED from AndroidManifest.xml:13:5
	android:protectionLevel
		ADDED from AndroidManifest.xml:15:9
	android:name
		ADDED from AndroidManifest.xml:14:9
uses-permission#com.atommediastudio.googlemaps.permission.MAPS_RECEIVE
ADDED from AndroidManifest.xml:16:5
	android:name
		ADDED from AndroidManifest.xml:16:22
uses-feature#0x00020000
ADDED from AndroidManifest.xml:18:5
MERGED from com.google.android.gms:play-services-maps:9.0.2:22:5
MERGED from com.google.android.gms:play-services-maps:9.0.2:22:5
MERGED from com.google.android.gms:play-services-maps:9.0.2:22:5
MERGED from com.google.android.gms:play-services-maps:9.0.2:22:5
	android:glEsVersion
		ADDED from AndroidManifest.xml:19:9
	android:required
		ADDED from AndroidManifest.xml:20:9
application
ADDED from AndroidManifest.xml:22:5
MERGED from com.android.support:appcompat-v7:24.0.0:25:5
MERGED from com.android.support:support-v4:24.0.0:25:5
MERGED from com.android.support:support-vector-drawable:24.0.0:23:5
MERGED from com.android.support:support-v4:24.0.0:25:5
MERGED from com.android.support:animated-vector-drawable:24.0.0:22:5
MERGED from com.android.support:support-vector-drawable:24.0.0:23:5
MERGED from com.android.support:support-v4:24.0.0:25:5
MERGED from com.google.android.gms:play-services:9.0.2:5:5
MERGED from com.google.android.gms:play-services-ads-lite:9.0.2:24:5
MERGED from com.google.android.gms:play-services-basement:9.0.2:20:5
MERGED from com.android.support:support-v4:24.0.0:25:5
MERGED from com.google.android.gms:play-services-base:9.0.2:19:5
MERGED from com.google.android.gms:play-services-basement:9.0.2:20:5
MERGED from com.android.support:support-v4:24.0.0:25:5
MERGED from com.google.firebase:firebase-common:9.0.2:5:5
MERGED from com.google.android.gms:play-services-basement:9.0.2:20:5
MERGED from com.android.support:support-v4:24.0.0:25:5
MERGED from com.google.android.gms:play-services-tasks:9.0.2:5:5
MERGED from com.google.android.gms:play-services-basement:9.0.2:20:5
MERGED from com.android.support:support-v4:24.0.0:25:5
MERGED from com.google.android.gms:play-services-tasks:9.0.2:5:5
MERGED from com.google.android.gms:play-services-basement:9.0.2:20:5
MERGED from com.android.support:support-v4:24.0.0:25:5
MERGED from com.google.android.gms:play-services-basement:9.0.2:20:5
MERGED from com.android.support:support-v4:24.0.0:25:5
MERGED from com.google.android.gms:play-services-ads-lite:9.0.2:24:5
MERGED from com.google.android.gms:play-services-basement:9.0.2:20:5
MERGED from com.android.support:support-v4:24.0.0:25:5
MERGED from com.google.android.gms:play-services-analytics:9.0.2:27:5
MERGED from com.google.android.gms:play-services-analytics-impl:9.0.2:27:5
MERGED from com.google.android.gms:play-services-base:9.0.2:19:5
MERGED from com.google.android.gms:play-services-basement:9.0.2:20:5
MERGED from com.android.support:support-v4:24.0.0:25:5
MERGED from com.google.firebase:firebase-common:9.0.2:5:5
MERGED from com.google.android.gms:play-services-basement:9.0.2:20:5
MERGED from com.android.support:support-v4:24.0.0:25:5
MERGED from com.google.android.gms:play-services-tasks:9.0.2:5:5
MERGED from com.google.android.gms:play-services-basement:9.0.2:20:5
MERGED from com.android.support:support-v4:24.0.0:25:5
MERGED from com.google.android.gms:play-services-tasks:9.0.2:5:5
MERGED from com.google.android.gms:play-services-basement:9.0.2:20:5
MERGED from com.android.support:support-v4:24.0.0:25:5
MERGED from com.google.android.gms:play-services-basement:9.0.2:20:5
MERGED from com.android.support:support-v4:24.0.0:25:5
MERGED from com.google.android.gms:play-services-base:9.0.2:19:5
MERGED from com.google.android.gms:play-services-basement:9.0.2:20:5
MERGED from com.android.support:support-v4:24.0.0:25:5
MERGED from com.google.firebase:firebase-common:9.0.2:5:5
MERGED from com.google.android.gms:play-services-basement:9.0.2:20:5
MERGED from com.android.support:support-v4:24.0.0:25:5
MERGED from com.google.android.gms:play-services-tasks:9.0.2:5:5
MERGED from com.google.android.gms:play-services-basement:9.0.2:20:5
MERGED from com.android.support:support-v4:24.0.0:25:5
MERGED from com.google.android.gms:play-services-tasks:9.0.2:5:5
MERGED from com.google.android.gms:play-services-basement:9.0.2:20:5
MERGED from com.android.support:support-v4:24.0.0:25:5
MERGED from com.google.android.gms:play-services-basement:9.0.2:20:5
MERGED from com.android.support:support-v4:24.0.0:25:5
MERGED from com.google.android.gms:play-services-analytics-impl:9.0.2:27:5
MERGED from com.google.android.gms:play-services-base:9.0.2:19:5
MERGED from com.google.android.gms:play-services-basement:9.0.2:20:5
MERGED from com.android.support:support-v4:24.0.0:25:5
MERGED from com.google.firebase:firebase-common:9.0.2:5:5
MERGED from com.google.android.gms:play-services-basement:9.0.2:20:5
MERGED from com.android.support:support-v4:24.0.0:25:5
MERGED from com.google.android.gms:play-services-tasks:9.0.2:5:5
MERGED from com.google.android.gms:play-services-basement:9.0.2:20:5
MERGED from com.android.support:support-v4:24.0.0:25:5
MERGED from com.google.android.gms:play-services-tasks:9.0.2:5:5
MERGED from com.google.android.gms:play-services-basement:9.0.2:20:5
MERGED from com.android.support:support-v4:24.0.0:25:5
MERGED from com.google.android.gms:play-services-basement:9.0.2:20:5
MERGED from com.android.support:support-v4:24.0.0:25:5
MERGED from com.google.android.gms:play-services-appinvite:9.0.2:20:5
MERGED from com.google.android.gms:play-services-base:9.0.2:19:5
MERGED from com.google.android.gms:play-services-basement:9.0.2:20:5
MERGED from com.android.support:support-v4:24.0.0:25:5
MERGED from com.google.firebase:firebase-common:9.0.2:5:5
MERGED from com.google.android.gms:play-services-basement:9.0.2:20:5
MERGED from com.android.support:support-v4:24.0.0:25:5
MERGED from com.google.android.gms:play-services-tasks:9.0.2:5:5
MERGED from com.google.android.gms:play-services-basement:9.0.2:20:5
MERGED from com.android.support:support-v4:24.0.0:25:5
MERGED from com.google.android.gms:play-services-tasks:9.0.2:5:5
MERGED from com.google.android.gms:play-services-basement:9.0.2:20:5
MERGED from com.android.support:support-v4:24.0.0:25:5
MERGED from com.google.android.gms:play-services-basement:9.0.2:20:5
MERGED from com.android.support:support-v4:24.0.0:25:5
MERGED from com.google.android.gms:play-services-auth:9.0.2:20:5
MERGED from com.google.android.gms:play-services-base:9.0.2:19:5
MERGED from com.google.android.gms:play-services-basement:9.0.2:20:5
MERGED from com.android.support:support-v4:24.0.0:25:5
MERGED from com.google.firebase:firebase-common:9.0.2:5:5
MERGED from com.google.android.gms:play-services-basement:9.0.2:20:5
MERGED from com.android.support:support-v4:24.0.0:25:5
MERGED from com.google.android.gms:play-services-tasks:9.0.2:5:5
MERGED from com.google.android.gms:play-services-basement:9.0.2:20:5
MERGED from com.android.support:support-v4:24.0.0:25:5
MERGED from com.google.android.gms:play-services-tasks:9.0.2:5:5
MERGED from com.google.android.gms:play-services-basement:9.0.2:20:5
MERGED from com.android.support:support-v4:24.0.0:25:5
MERGED from com.google.android.gms:play-services-basement:9.0.2:20:5
MERGED from com.android.support:support-v4:24.0.0:25:5
MERGED from com.google.android.gms:play-services-base:9.0.2:19:5
MERGED from com.google.android.gms:play-services-basement:9.0.2:20:5
MERGED from com.android.support:support-v4:24.0.0:25:5
MERGED from com.google.firebase:firebase-common:9.0.2:5:5
MERGED from com.google.android.gms:play-services-basement:9.0.2:20:5
MERGED from com.android.support:support-v4:24.0.0:25:5
MERGED from com.google.android.gms:play-services-tasks:9.0.2:5:5
MERGED from com.google.android.gms:play-services-basement:9.0.2:20:5
MERGED from com.android.support:support-v4:24.0.0:25:5
MERGED from com.google.android.gms:play-services-tasks:9.0.2:5:5
MERGED from com.google.android.gms:play-services-basement:9.0.2:20:5
MERGED from com.android.support:support-v4:24.0.0:25:5
MERGED from com.google.android.gms:play-services-basement:9.0.2:20:5
MERGED from com.android.support:support-v4:24.0.0:25:5
MERGED from com.google.android.gms:play-services-base:9.0.2:19:5
MERGED from com.google.android.gms:play-services-basement:9.0.2:20:5
MERGED from com.android.support:support-v4:24.0.0:25:5
MERGED from com.google.firebase:firebase-common:9.0.2:5:5
MERGED from com.google.android.gms:play-services-basement:9.0.2:20:5
MERGED from com.android.support:support-v4:24.0.0:25:5
MERGED from com.google.android.gms:play-services-tasks:9.0.2:5:5
MERGED from com.google.android.gms:play-services-basement:9.0.2:20:5
MERGED from com.android.support:support-v4:24.0.0:25:5
MERGED from com.google.android.gms:play-services-tasks:9.0.2:5:5
MERGED from com.google.android.gms:play-services-basement:9.0.2:20:5
MERGED from com.android.support:support-v4:24.0.0:25:5
MERGED from com.google.android.gms:play-services-basement:9.0.2:20:5
MERGED from com.android.support:support-v4:24.0.0:25:5
MERGED from com.google.android.gms:play-services-base:9.0.2:19:5
MERGED from com.google.android.gms:play-services-basement:9.0.2:20:5
MERGED from com.android.support:support-v4:24.0.0:25:5
MERGED from com.google.firebase:firebase-common:9.0.2:5:5
MERGED from com.google.android.gms:play-services-basement:9.0.2:20:5
MERGED from com.android.support:support-v4:24.0.0:25:5
MERGED from com.google.android.gms:play-services-tasks:9.0.2:5:5
MERGED from com.google.android.gms:play-services-basement:9.0.2:20:5
MERGED from com.android.support:support-v4:24.0.0:25:5
MERGED from com.google.android.gms:play-services-tasks:9.0.2:5:5
MERGED from com.google.android.gms:play-services-basement:9.0.2:20:5
MERGED from com.android.support:support-v4:24.0.0:25:5
MERGED from com.google.android.gms:play-services-cast:9.0.2:19:5
MERGED from com.google.android.gms:play-services-base:9.0.2:19:5
MERGED from com.google.android.gms:play-services-basement:9.0.2:20:5
MERGED from com.android.support:support-v4:24.0.0:25:5
MERGED from com.google.firebase:firebase-common:9.0.2:5:5
MERGED from com.google.android.gms:play-services-basement:9.0.2:20:5
MERGED from com.android.support:support-v4:24.0.0:25:5
MERGED from com.google.android.gms:play-services-tasks:9.0.2:5:5
MERGED from com.google.android.gms:play-services-basement:9.0.2:20:5
MERGED from com.android.support:support-v4:24.0.0:25:5
MERGED from com.google.android.gms:play-services-tasks:9.0.2:5:5
MERGED from com.google.android.gms:play-services-basement:9.0.2:20:5
MERGED from com.android.support:support-v4:24.0.0:25:5
MERGED from com.google.android.gms:play-services-basement:9.0.2:20:5
MERGED from com.android.support:support-v4:24.0.0:25:5
MERGED from com.android.support:mediarouter-v7:23.0.0:22:5
MERGED from com.android.support:appcompat-v7:24.0.0:25:5
MERGED from com.android.support:support-v4:24.0.0:25:5
MERGED from com.android.support:support-vector-drawable:24.0.0:23:5
MERGED from com.android.support:support-v4:24.0.0:25:5
MERGED from com.android.support:animated-vector-drawable:24.0.0:22:5
MERGED from com.android.support:support-vector-drawable:24.0.0:23:5
MERGED from com.android.support:support-v4:24.0.0:25:5
MERGED from com.google.android.gms:play-services-basement:9.0.2:20:5
MERGED from com.android.support:support-v4:24.0.0:25:5
MERGED from com.google.firebase:firebase-config:9.0.2:19:5
MERGED from com.google.android.gms:play-services-base:9.0.2:19:5
MERGED from com.google.android.gms:play-services-basement:9.0.2:20:5
MERGED from com.android.support:support-v4:24.0.0:25:5
MERGED from com.google.firebase:firebase-common:9.0.2:5:5
MERGED from com.google.android.gms:play-services-basement:9.0.2:20:5
MERGED from com.android.support:support-v4:24.0.0:25:5
MERGED from com.google.android.gms:play-services-tasks:9.0.2:5:5
MERGED from com.google.android.gms:play-services-basement:9.0.2:20:5
MERGED from com.android.support:support-v4:24.0.0:25:5
MERGED from com.google.android.gms:play-services-tasks:9.0.2:5:5
MERGED from com.google.android.gms:play-services-basement:9.0.2:20:5
MERGED from com.android.support:support-v4:24.0.0:25:5
MERGED from com.google.android.gms:play-services-basement:9.0.2:20:5
MERGED from com.android.support:support-v4:24.0.0:25:5
MERGED from com.google.firebase:firebase-iid:9.0.2:30:5
MERGED from com.google.android.gms:play-services-basement:9.0.2:20:5
MERGED from com.android.support:support-v4:24.0.0:25:5
MERGED from com.google.firebase:firebase-common:9.0.2:5:5
MERGED from com.google.android.gms:play-services-basement:9.0.2:20:5
MERGED from com.android.support:support-v4:24.0.0:25:5
MERGED from com.google.android.gms:play-services-tasks:9.0.2:5:5
MERGED from com.google.android.gms:play-services-basement:9.0.2:20:5
MERGED from com.android.support:support-v4:24.0.0:25:5
MERGED from com.google.firebase:firebase-common:9.0.2:5:5
MERGED from com.google.android.gms:play-services-basement:9.0.2:20:5
MERGED from com.android.support:support-v4:24.0.0:25:5
MERGED from com.google.android.gms:play-services-tasks:9.0.2:5:5
MERGED from com.google.android.gms:play-services-basement:9.0.2:20:5
MERGED from com.android.support:support-v4:24.0.0:25:5
MERGED from com.google.android.gms:play-services-tasks:9.0.2:5:5
MERGED from com.google.android.gms:play-services-basement:9.0.2:20:5
MERGED from com.android.support:support-v4:24.0.0:25:5
MERGED from com.google.firebase:firebase-crash:9.0.2:24:5
MERGED from com.google.android.gms:play-services-base:9.0.2:19:5
MERGED from com.google.android.gms:play-services-basement:9.0.2:20:5
MERGED from com.android.support:support-v4:24.0.0:25:5
MERGED from com.google.firebase:firebase-common:9.0.2:5:5
MERGED from com.google.android.gms:play-services-basement:9.0.2:20:5
MERGED from com.android.support:support-v4:24.0.0:25:5
MERGED from com.google.android.gms:play-services-tasks:9.0.2:5:5
MERGED from com.google.android.gms:play-services-basement:9.0.2:20:5
MERGED from com.android.support:support-v4:24.0.0:25:5
MERGED from com.google.android.gms:play-services-tasks:9.0.2:5:5
MERGED from com.google.android.gms:play-services-basement:9.0.2:20:5
MERGED from com.android.support:support-v4:24.0.0:25:5
MERGED from com.google.android.gms:play-services-basement:9.0.2:20:5
MERGED from com.android.support:support-v4:24.0.0:25:5
MERGED from com.google.firebase:firebase-iid:9.0.2:30:5
MERGED from com.google.android.gms:play-services-basement:9.0.2:20:5
MERGED from com.android.support:support-v4:24.0.0:25:5
MERGED from com.google.firebase:firebase-common:9.0.2:5:5
MERGED from com.google.android.gms:play-services-basement:9.0.2:20:5
MERGED from com.android.support:support-v4:24.0.0:25:5
MERGED from com.google.android.gms:play-services-tasks:9.0.2:5:5
MERGED from com.google.android.gms:play-services-basement:9.0.2:20:5
MERGED from com.android.support:support-v4:24.0.0:25:5
MERGED from com.google.firebase:firebase-common:9.0.2:5:5
MERGED from com.google.android.gms:play-services-basement:9.0.2:20:5
MERGED from com.android.support:support-v4:24.0.0:25:5
MERGED from com.google.android.gms:play-services-tasks:9.0.2:5:5
MERGED from com.google.android.gms:play-services-basement:9.0.2:20:5
MERGED from com.android.support:support-v4:24.0.0:25:5
MERGED from com.google.firebase:firebase-analytics:9.0.2:26:5
MERGED from com.google.android.gms:play-services-basement:9.0.2:20:5
MERGED from com.android.support:support-v4:24.0.0:25:5
MERGED from com.google.firebase:firebase-common:9.0.2:5:5
MERGED from com.google.android.gms:play-services-basement:9.0.2:20:5
MERGED from com.android.support:support-v4:24.0.0:25:5
MERGED from com.google.android.gms:play-services-tasks:9.0.2:5:5
MERGED from com.google.android.gms:play-services-basement:9.0.2:20:5
MERGED from com.android.support:support-v4:24.0.0:25:5
MERGED from com.google.firebase:firebase-analytics-impl:9.0.2:26:5
MERGED from com.google.android.gms:play-services-base:9.0.2:19:5
MERGED from com.google.android.gms:play-services-basement:9.0.2:20:5
MERGED from com.android.support:support-v4:24.0.0:25:5
MERGED from com.google.firebase:firebase-common:9.0.2:5:5
MERGED from com.google.android.gms:play-services-basement:9.0.2:20:5
MERGED from com.android.support:support-v4:24.0.0:25:5
MERGED from com.google.android.gms:play-services-tasks:9.0.2:5:5
MERGED from com.google.android.gms:play-services-basement:9.0.2:20:5
MERGED from com.android.support:support-v4:24.0.0:25:5
MERGED from com.google.android.gms:play-services-tasks:9.0.2:5:5
MERGED from com.google.android.gms:play-services-basement:9.0.2:20:5
MERGED from com.android.support:support-v4:24.0.0:25:5
MERGED from com.google.android.gms:play-services-basement:9.0.2:20:5
MERGED from com.android.support:support-v4:24.0.0:25:5
MERGED from com.google.firebase:firebase-iid:9.0.2:30:5
MERGED from com.google.android.gms:play-services-basement:9.0.2:20:5
MERGED from com.android.support:support-v4:24.0.0:25:5
MERGED from com.google.firebase:firebase-common:9.0.2:5:5
MERGED from com.google.android.gms:play-services-basement:9.0.2:20:5
MERGED from com.android.support:support-v4:24.0.0:25:5
MERGED from com.google.android.gms:play-services-tasks:9.0.2:5:5
MERGED from com.google.android.gms:play-services-basement:9.0.2:20:5
MERGED from com.android.support:support-v4:24.0.0:25:5
MERGED from com.google.firebase:firebase-common:9.0.2:5:5
MERGED from com.google.android.gms:play-services-basement:9.0.2:20:5
MERGED from com.android.support:support-v4:24.0.0:25:5
MERGED from com.google.android.gms:play-services-tasks:9.0.2:5:5
MERGED from com.google.android.gms:play-services-basement:9.0.2:20:5
MERGED from com.android.support:support-v4:24.0.0:25:5
MERGED from com.google.android.gms:play-services-drive:9.0.2:19:5
MERGED from com.google.android.gms:play-services-base:9.0.2:19:5
MERGED from com.google.android.gms:play-services-basement:9.0.2:20:5
MERGED from com.android.support:support-v4:24.0.0:25:5
MERGED from com.google.firebase:firebase-common:9.0.2:5:5
MERGED from com.google.android.gms:play-services-basement:9.0.2:20:5
MERGED from com.android.support:support-v4:24.0.0:25:5
MERGED from com.google.android.gms:play-services-tasks:9.0.2:5:5
MERGED from com.google.android.gms:play-services-basement:9.0.2:20:5
MERGED from com.android.support:support-v4:24.0.0:25:5
MERGED from com.google.android.gms:play-services-tasks:9.0.2:5:5
MERGED from com.google.android.gms:play-services-basement:9.0.2:20:5
MERGED from com.android.support:support-v4:24.0.0:25:5
MERGED from com.google.android.gms:play-services-basement:9.0.2:20:5
MERGED from com.android.support:support-v4:24.0.0:25:5
MERGED from com.google.firebase:firebase-auth:9.0.2:20:5
MERGED from com.google.android.gms:play-services-base:9.0.2:19:5
MERGED from com.google.android.gms:play-services-basement:9.0.2:20:5
MERGED from com.android.support:support-v4:24.0.0:25:5
MERGED from com.google.firebase:firebase-common:9.0.2:5:5
MERGED from com.google.android.gms:play-services-basement:9.0.2:20:5
MERGED from com.android.support:support-v4:24.0.0:25:5
MERGED from com.google.android.gms:play-services-tasks:9.0.2:5:5
MERGED from com.google.android.gms:play-services-basement:9.0.2:20:5
MERGED from com.android.support:support-v4:24.0.0:25:5
MERGED from com.google.android.gms:play-services-tasks:9.0.2:5:5
MERGED from com.google.android.gms:play-services-basement:9.0.2:20:5
MERGED from com.android.support:support-v4:24.0.0:25:5
MERGED from com.google.android.gms:play-services-basement:9.0.2:20:5
MERGED from com.android.support:support-v4:24.0.0:25:5
MERGED from com.google.firebase:firebase-auth-common:9.0.2:20:5
MERGED from com.google.android.gms:play-services-base:9.0.2:19:5
MERGED from com.google.android.gms:play-services-basement:9.0.2:20:5
MERGED from com.android.support:support-v4:24.0.0:25:5
MERGED from com.google.firebase:firebase-common:9.0.2:5:5
MERGED from com.google.android.gms:play-services-basement:9.0.2:20:5
MERGED from com.android.support:support-v4:24.0.0:25:5
MERGED from com.google.android.gms:play-services-tasks:9.0.2:5:5
MERGED from com.google.android.gms:play-services-basement:9.0.2:20:5
MERGED from com.android.support:support-v4:24.0.0:25:5
MERGED from com.google.android.gms:play-services-tasks:9.0.2:5:5
MERGED from com.google.android.gms:play-services-basement:9.0.2:20:5
MERGED from com.android.support:support-v4:24.0.0:25:5
MERGED from com.google.android.gms:play-services-basement:9.0.2:20:5
MERGED from com.android.support:support-v4:24.0.0:25:5
MERGED from com.google.android.gms:play-services-base:9.0.2:19:5
MERGED from com.google.android.gms:play-services-basement:9.0.2:20:5
MERGED from com.android.support:support-v4:24.0.0:25:5
MERGED from com.google.firebase:firebase-common:9.0.2:5:5
MERGED from com.google.android.gms:play-services-basement:9.0.2:20:5
MERGED from com.android.support:support-v4:24.0.0:25:5
MERGED from com.google.android.gms:play-services-tasks:9.0.2:5:5
MERGED from com.google.android.gms:play-services-basement:9.0.2:20:5
MERGED from com.android.support:support-v4:24.0.0:25:5
MERGED from com.google.android.gms:play-services-tasks:9.0.2:5:5
MERGED from com.google.android.gms:play-services-basement:9.0.2:20:5
MERGED from com.android.support:support-v4:24.0.0:25:5
MERGED from com.google.android.gms:play-services-basement:9.0.2:20:5
MERGED from com.android.support:support-v4:24.0.0:25:5
MERGED from com.google.firebase:firebase-common:9.0.2:5:5
MERGED from com.google.android.gms:play-services-basement:9.0.2:20:5
MERGED from com.android.support:support-v4:24.0.0:25:5
MERGED from com.google.android.gms:play-services-tasks:9.0.2:5:5
MERGED from com.google.android.gms:play-services-basement:9.0.2:20:5
MERGED from com.android.support:support-v4:24.0.0:25:5
MERGED from com.google.android.gms:play-services-base:9.0.2:19:5
MERGED from com.google.android.gms:play-services-basement:9.0.2:20:5
MERGED from com.android.support:support-v4:24.0.0:25:5
MERGED from com.google.firebase:firebase-common:9.0.2:5:5
MERGED from com.google.android.gms:play-services-basement:9.0.2:20:5
MERGED from com.android.support:support-v4:24.0.0:25:5
MERGED from com.google.android.gms:play-services-tasks:9.0.2:5:5
MERGED from com.google.android.gms:play-services-basement:9.0.2:20:5
MERGED from com.android.support:support-v4:24.0.0:25:5
MERGED from com.google.android.gms:play-services-tasks:9.0.2:5:5
MERGED from com.google.android.gms:play-services-basement:9.0.2:20:5
MERGED from com.android.support:support-v4:24.0.0:25:5
MERGED from com.google.android.gms:play-services-basement:9.0.2:20:5
MERGED from com.android.support:support-v4:24.0.0:25:5
MERGED from com.google.firebase:firebase-common:9.0.2:5:5
MERGED from com.google.android.gms:play-services-basement:9.0.2:20:5
MERGED from com.android.support:support-v4:24.0.0:25:5
MERGED from com.google.android.gms:play-services-tasks:9.0.2:5:5
MERGED from com.google.android.gms:play-services-basement:9.0.2:20:5
MERGED from com.android.support:support-v4:24.0.0:25:5
MERGED from com.google.android.gms:play-services-tasks:9.0.2:5:5
MERGED from com.google.android.gms:play-services-basement:9.0.2:20:5
MERGED from com.android.support:support-v4:24.0.0:25:5
MERGED from com.google.firebase:firebase-auth-common:9.0.2:20:5
MERGED from com.google.android.gms:play-services-base:9.0.2:19:5
MERGED from com.google.android.gms:play-services-basement:9.0.2:20:5
MERGED from com.android.support:support-v4:24.0.0:25:5
MERGED from com.google.firebase:firebase-common:9.0.2:5:5
MERGED from com.google.android.gms:play-services-basement:9.0.2:20:5
MERGED from com.android.support:support-v4:24.0.0:25:5
MERGED from com.google.android.gms:play-services-tasks:9.0.2:5:5
MERGED from com.google.android.gms:play-services-basement:9.0.2:20:5
MERGED from com.android.support:support-v4:24.0.0:25:5
MERGED from com.google.android.gms:play-services-tasks:9.0.2:5:5
MERGED from com.google.android.gms:play-services-basement:9.0.2:20:5
MERGED from com.android.support:support-v4:24.0.0:25:5
MERGED from com.google.android.gms:play-services-basement:9.0.2:20:5
MERGED from com.android.support:support-v4:24.0.0:25:5
MERGED from com.google.android.gms:play-services-base:9.0.2:19:5
MERGED from com.google.android.gms:play-services-basement:9.0.2:20:5
MERGED from com.android.support:support-v4:24.0.0:25:5
MERGED from com.google.firebase:firebase-common:9.0.2:5:5
MERGED from com.google.android.gms:play-services-basement:9.0.2:20:5